# JRE version: Java(TM) SE Runtime Environment (8.0_321-b07) (build 1.8.0_321-b07)
# Java VM: Java HotSpot(TM) 64-Bit Server VM (25.321-b07 mixed mode bsd-amd64 compressed oops)
Heap:
 PSYoungGen      total 887808K, used 691238K [0x000000076ab00000, 0x00000007a5700000, 0x00000007c0000000)
  eden space 813056K, 84% used [0x000000076ab00000,0x0000000794685538,0x000000079c500000)
  from space 74752K, 10% used [0x00000007a0e00000,0x00000007a1584620,0x00000007a5700000)
  to   space 74752K, 0% used [0x000000079c500000,0x000000079c500000,0x00000007a0e00000)
 ParOldGen       total 175104K, used 131511K [0x00000006c0000000, 0x00000006cab00000, 0x000000076ab00000)
  object space 175104K, 75% used [0x00000006c0000000,0x00000006c806de38,0x00000006cab00000)
 Metaspace       used 12962K, capacity 13113K, committed 13312K, reserved 1060864K
  class space    used 1161K, capacity 1213K, committed 1280K, reserved 1048576K
GC Heap History (10 events):
Event: 22.897 GC heap before
{Heap before GC invocations=6 (full 0):
 PSYoungGen      total 141824K, used 141811K [0x000000076ab00000, 0x000000077f900000, 0x00000007c0000000)
  eden space 131072K, 100% used [0x000000076ab00000,0x0000000772b00000,0x0000000772b00000)
  from space 10752K, 99% used [0x0000000772b00000,0x000000077357cca8,0x0000000773580000)
  to   space 39936K, 0% used [0x000000077d200000,0x000000077d200000,0x000000077f900000)
 ParOldGen       total 175104K, used 49064K [0x00000006c0000000, 0x00000006cab00000, 0x000000076ab00000)
  object space 175104K, 28% used [0x00000006c0000000,0x00000006c2fea168,0x00000006cab00000)
 Metaspace       used 12494K, capacity 12661K, committed 12800K, reserved 1060864K
  class space    used 1152K, capacity 1213K, committed 1280K, reserved 1048576K
Event: 22.920 GC heap after
Heap after GC invocations=6 (full 0):
 PSYoungGen      total 299008K, used 13463K [0x000000076ab00000, 0x000000077f600000, 0x00000007c0000000)
  eden space 262144K, 0% used [0x000000076ab00000,0x000000076ab00000,0x000000077ab00000)
  from space 36864K, 36% used [0x000000077d200000,0x000000077df25ce8,0x000000077f600000)
  to   space 38400K, 0% used [0x000000077ab00000,0x000000077ab00000,0x000000077d080000)
 ParOldGen       total 175104K, used 49064K [0x00000006c0000000, 0x00000006cab00000, 0x000000076ab00000)
  object space 175104K, 28% used [0x00000006c0000000,0x00000006c2fea168,0x00000006cab00000)
 Metaspace       used 12494K, capacity 12661K, committed 12800K, reserved 1060864K
  class space    used 1152K, capacity 1213K, committed 1280K, reserved 1048576K
}
Event: 24.075 GC heap before
{Heap before GC invocations=7 (full 0):
 PSYoungGen      total 299008K, used 275607K [0x000000076ab00000, 0x000000077f600000, 0x00000007c0000000)
  eden space 262144K, 100% used [0x000000076ab00000,0x000000077ab00000,0x000000077ab00000)
  from space 36864K, 36% used [0x000000077d200000,0x000000077df25ce8,0x000000077f600000)
  to   space 38400K, 0% used [0x000000077ab00000,0x000000077ab00000,0x000000077d080000)
 ParOldGen       total 175104K, used 49064K [0x00000006c0000000, 0x00000006cab00000, 0x000000076ab00000)
  object space 175104K, 28% used [0x00000006c0000000,0x00000006c2fea168,0x00000006cab00000)
 Metaspace       used 12583K, capacity 12725K, committed 13056K, reserved 1060864K
  class space    used 1156K, capacity 1213K, committed 1280K, reserved 1048576K
Event: 24.115 GC heap after
Heap after GC invocations=7 (full 0):
 PSYoungGen      total 300544K, used 38368K [0x000000076ab00000, 0x0000000791100000, 0x00000007c0000000)
  eden space 262144K, 0% used [0x000000076ab00000,0x000000076ab00000,0x000000077ab00000)
  from space 38400K, 99% used [0x000000077ab00000,0x000000077d078010,0x000000077d080000)
  to   space 52224K, 0% used [0x000000078de00000,0x000000078de00000,0x0000000791100000)
 ParOldGen       total 175104K, used 62248K [0x00000006c0000000, 0x00000006cab00000, 0x000000076ab00000)
  object space 175104K, 35% used [0x00000006c0000000,0x00000006c3cca2e0,0x00000006cab00000)
 Metaspace       used 12583K, capacity 12725K, committed 13056K, reserved 1060864K
  class space    used 1156K, capacity 1213K, committed 1280K, reserved 1048576K
}
Event: 24.862 GC heap before
{Heap before GC invocations=8 (full 0):
 PSYoungGen      total 300544K, used 300512K [0x000000076ab00000, 0x0000000791100000, 0x00000007c0000000)
  eden space 262144K, 100% used [0x000000076ab00000,0x000000077ab00000,0x000000077ab00000)
  from space 38400K, 99% used [0x000000077ab00000,0x000000077d078010,0x000000077d080000)
  to   space 52224K, 0% used [0x000000078de00000,0x000000078de00000,0x0000000791100000)
 ParOldGen       total 175104K, used 62248K [0x00000006c0000000, 0x00000006cab00000, 0x000000076ab00000)
  object space 175104K, 35% used [0x00000006c0000000,0x00000006c3cca2e0,0x00000006cab00000)
 Metaspace       used 12600K, capacity 12725K, committed 13056K, reserved 1060864K
  class space    used 1157K, capacity 1213K, committed 1280K, reserved 1048576K
Event: 24.897 GC heap after
Heap after GC invocations=8 (full 0):
 PSYoungGen      total 560128K, used 52208K [0x000000076ab00000, 0x0000000793100000, 0x00000007c0000000)
  eden space 507904K, 0% used [0x000000076ab00000,0x000000076ab00000,0x0000000789b00000)
  from space 52224K, 99% used [0x000000078de00000,0x00000007910fc040,0x0000000791100000)
  to   space 68608K, 0% used [0x0000000789b00000,0x0000000789b00000,0x000000078de00000)
 ParOldGen       total 175104K, used 79089K [0x00000006c0000000, 0x00000006cab00000, 0x000000076ab00000)
  object space 175104K, 45% used [0x00000006c0000000,0x00000006c4d3c788,0x00000006cab00000)
 Metaspace       used 12600K, capacity 12725K, committed 13056K, reserved 1060864K
  class space    used 1157K, capacity 1213K, committed 1280K, reserved 1048576K
}
Event: 25.664 GC heap before
{Heap before GC invocations=9 (full 0):
 PSYoungGen      total 560128K, used 560112K [0x000000076ab00000, 0x0000000793100000, 0x00000007c0000000)
  eden space 507904K, 100% used [0x000000076ab00000,0x0000000789b00000,0x0000000789b00000)
  from space 52224K, 99% used [0x000000078de00000,0x00000007910fc040,0x0000000791100000)
  to   space 68608K, 0% used [0x0000000789b00000,0x0000000789b00000,0x000000078de00000)
 ParOldGen       total 175104K, used 79089K [0x00000006c0000000, 0x00000006cab00000, 0x000000076ab00000)
  object space 175104K, 45% used [0x00000006c0000000,0x00000006c4d3c788,0x00000006cab00000)
 Metaspace       used 12605K, capacity 12725K, committed 13056K, reserved 1060864K
  class space    used 1158K, capacity 1213K, committed 1280K, reserved 1048576K
Event: 25.692 GC heap after
Heap after GC invocations=9 (full 0):
 PSYoungGen      total 576512K, used 56243K [0x000000076ab00000, 0x00000007a5700000, 0x00000007c0000000)
  eden space 507904K, 0% used [0x000000076ab00000,0x000000076ab00000,0x0000000789b00000)
  from space 68608K, 81% used [0x0000000789b00000,0x000000078d1ecd20,0x000000078de00000)
  to   space 74752K, 0% used [0x00000007a0e00000,0x00000007a0e00000,0x00000007a5700000)
 ParOldGen       total 175104K, used 80254K [0x00000006c0000000, 0x00000006cab00000, 0x000000076ab00000)
  object space 175104K, 45% used [0x00000006c0000000,0x00000006c4e5f910,0x00000006cab00000)
 Metaspace       used 12605K, capacity 12725K, committed 13056K, reserved 1060864K
  class space    used 1158K, capacity 1213K, committed 1280K, reserved 1048576K
}
Event: 26.303 GC heap before
{Heap before GC invocations=10 (full 0):
 PSYoungGen      total 576512K, used 564147K [0x000000076ab00000, 0x00000007a5700000, 0x00000007c0000000)
  eden space 507904K, 100% used [0x000000076ab00000,0x0000000789b00000,0x0000000789b00000)
  from space 68608K, 81% used [0x0000000789b00000,0x000000078d1ecd20,0x000000078de00000)
  to   space 74752K, 0% used [0x00000007a0e00000,0x00000007a0e00000,0x00000007a5700000)
 ParOldGen       total 175104K, used 80254K [0x00000006c0000000, 0x00000006cab00000, 0x000000076ab00000)
  object space 175104K, 45% used [0x00000006c0000000,0x00000006c4e5f910,0x00000006cab00000)
 Metaspace       used 12606K, capacity 12725K, committed 13056K, reserved 1060864K
  class space    used 1158K, capacity 1213K, committed 1280K, reserved 1048576K
Event: 26.336 GC heap after
Heap after GC invocations=10 (full 0):
 PSYoungGen      total 887808K, used 7697K [0x000000076ab00000, 0x00000007a5700000, 0x00000007c0000000)
  eden space 813056K, 0% used [0x000000076ab00000,0x000000076ab00000,0x000000079c500000)
  from space 74752K, 10% used [0x00000007a0e00000,0x00000007a1584620,0x00000007a5700000)
  to   space 74752K, 0% used [0x000000079c500000,0x000000079c500000,0x00000007a0e00000)
 ParOldGen       total 175104K, used 131511K [0x00000006c0000000, 0x00000006cab00000, 0x000000076ab00000)
  object space 175104K, 75% used [0x00000006c0000000,0x00000006c806de38,0x00000006cab00000)
 Metaspace       used 12606K, capacity 12725K, committed 13056K, reserved 1060864K
  class space    used 1158K, capacity 1213K, committed 1280K, reserved 1048576K
}

