# JRE version: Java(TM) SE Runtime Environment (8.0_321-b07) (build 1.8.0_321-b07)
# Java VM: Java HotSpot(TM) 64-Bit Server VM (25.321-b07 mixed mode bsd-amd64 compressed oops)
Heap:
 PSYoungGen      total 887808K, used 759023K [0x000000076ab00000, 0x00000007a5a00000, 0x00000007c0000000)
  eden space 811008K, 93% used [0x000000076ab00000,0x000000079903bdc8,0x000000079c300000)
  from space 76800K, 0% used [0x00000007a0f00000,0x00000007a0f00000,0x00000007a5a00000)
  to   space 77312K, 0% used [0x000000079c300000,0x000000079c300000,0x00000007a0e80000)
 ParOldGen       total 250880K, used 128616K [0x00000006c0000000, 0x00000006cf500000, 0x000000076ab00000)
  object space 250880K, 51% used [0x00000006c0000000,0x00000006c7d9a120,0x00000006cf500000)
 Metaspace       used 12968K, capacity 13177K, committed 13568K, reserved 1060864K
  class space    used 1160K, capacity 1213K, committed 1280K, reserved 1048576K
GC Heap History (10 events):
Event: 8.249 GC heap before
{Heap before GC invocations=7 (full 0):
 PSYoungGen      total 302592K, used 274862K [0x000000076ab00000, 0x000000077fc00000, 0x00000007c0000000)
  eden space 262144K, 100% used [0x000000076ab00000,0x000000077ab00000,0x000000077ab00000)
  from space 40448K, 31% used [0x000000077d480000,0x000000077e0eb8f0,0x000000077fc00000)
  to   space 41472K, 0% used [0x000000077ab00000,0x000000077ab00000,0x000000077d380000)
 ParOldGen       total 175104K, used 51663K [0x00000006c0000000, 0x00000006cab00000, 0x000000076ab00000)
  object space 175104K, 29% used [0x00000006c0000000,0x00000006c3273f80,0x00000006cab00000)
 Metaspace       used 12499K, capacity 12661K, committed 13056K, reserved 1060864K
  class space    used 1155K, capacity 1213K, committed 1280K, reserved 1048576K
Event: 8.291 GC heap after
Heap after GC invocations=7 (full 0):
 PSYoungGen      total 303616K, used 41460K [0x000000076ab00000, 0x0000000791400000, 0x00000007c0000000)
  eden space 262144K, 0% used [0x000000076ab00000,0x000000076ab00000,0x000000077ab00000)
  from space 41472K, 99% used [0x000000077ab00000,0x000000077d37d050,0x000000077d380000)
  to   space 53760K, 0% used [0x000000078df80000,0x000000078df80000,0x0000000791400000)
 ParOldGen       total 175104K, used 60878K [0x00000006c0000000, 0x00000006cab00000, 0x000000076ab00000)
  object space 175104K, 34% used [0x00000006c0000000,0x00000006c3b73808,0x00000006cab00000)
 Metaspace       used 12499K, capacity 12661K, committed 13056K, reserved 1060864K
  class space    used 1155K, capacity 1213K, committed 1280K, reserved 1048576K
}
Event: 9.061 GC heap before
{Heap before GC invocations=8 (full 0):
 PSYoungGen      total 303616K, used 303604K [0x000000076ab00000, 0x0000000791400000, 0x00000007c0000000)
  eden space 262144K, 100% used [0x000000076ab00000,0x000000077ab00000,0x000000077ab00000)
  from space 41472K, 99% used [0x000000077ab00000,0x000000077d37d050,0x000000077d380000)
  to   space 53760K, 0% used [0x000000078df80000,0x000000078df80000,0x0000000791400000)
 ParOldGen       total 175104K, used 60878K [0x00000006c0000000, 0x00000006cab00000, 0x000000076ab00000)
  object space 175104K, 34% used [0x00000006c0000000,0x00000006c3b73808,0x00000006cab00000)
 Metaspace       used 12517K, capacity 12661K, committed 13056K, reserved 1060864K
  class space    used 1156K, capacity 1213K, committed 1280K, reserved 1048576K
Event: 9.094 GC heap after
Heap after GC invocations=8 (full 0):
 PSYoungGen      total 560640K, used 53744K [0x000000076ab00000, 0x0000000793600000, 0x00000007c0000000)
  eden space 506880K, 0% used [0x000000076ab00000,0x000000076ab00000,0x0000000789a00000)
  from space 53760K, 99% used [0x000000078df80000,0x00000007913fc020,0x0000000791400000)
  to   space 71168K, 0% used [0x0000000789a00000,0x0000000789a00000,0x000000078df80000)
 ParOldGen       total 175104K, used 78407K [0x00000006c0000000, 0x00000006cab00000, 0x000000076ab00000)
  object space 175104K, 44% used [0x00000006c0000000,0x00000006c4c91ff8,0x00000006cab00000)
 Metaspace       used 12517K, capacity 12661K, committed 13056K, reserved 1060864K
  class space    used 1156K, capacity 1213K, committed 1280K, reserved 1048576K
}
Event: 9.905 GC heap before
{Heap before GC invocations=9 (full 0):
 PSYoungGen      total 560640K, used 560624K [0x000000076ab00000, 0x0000000793600000, 0x00000007c0000000)
  eden space 506880K, 100% used [0x000000076ab00000,0x0000000789a00000,0x0000000789a00000)
  from space 53760K, 99% used [0x000000078df80000,0x00000007913fc020,0x0000000791400000)
  to   space 71168K, 0% used [0x0000000789a00000,0x0000000789a00000,0x000000078df80000)
 ParOldGen       total 175104K, used 78407K [0x00000006c0000000, 0x00000006cab00000, 0x000000076ab00000)
  object space 175104K, 44% used [0x00000006c0000000,0x00000006c4c91ff8,0x00000006cab00000)
 Metaspace       used 12522K, capacity 12661K, committed 13056K, reserved 1060864K
  class space    used 1157K, capacity 1213K, committed 1280K, reserved 1048576K
Event: 9.988 GC heap after
Heap after GC invocations=9 (full 0):
 PSYoungGen      total 578048K, used 57779K [0x000000076ab00000, 0x00000007a5b00000, 0x00000007c0000000)
  eden space 506880K, 0% used [0x000000076ab00000,0x000000076ab00000,0x0000000789a00000)
  from space 71168K, 81% used [0x0000000789a00000,0x000000078d26cd40,0x000000078df80000)
  to   space 77824K, 0% used [0x00000007a0f00000,0x00000007a0f00000,0x00000007a5b00000)
 ParOldGen       total 175104K, used 79547K [0x00000006c0000000, 0x00000006cab00000, 0x000000076ab00000)
  object space 175104K, 45% used [0x00000006c0000000,0x00000006c4daecb8,0x00000006cab00000)
 Metaspace       used 12522K, capacity 12661K, committed 13056K, reserved 1060864K
  class space    used 1157K, capacity 1213K, committed 1280K, reserved 1048576K
}
Event: 10.665 GC heap before
{Heap before GC invocations=10 (full 0):
 PSYoungGen      total 578048K, used 564659K [0x000000076ab00000, 0x00000007a5b00000, 0x00000007c0000000)
  eden space 506880K, 100% used [0x000000076ab00000,0x0000000789a00000,0x0000000789a00000)
  from space 71168K, 81% used [0x0000000789a00000,0x000000078d26cd40,0x000000078df80000)
  to   space 77824K, 0% used [0x00000007a0f00000,0x00000007a0f00000,0x00000007a5b00000)
 ParOldGen       total 175104K, used 79547K [0x00000006c0000000, 0x00000006cab00000, 0x000000076ab00000)
  object space 175104K, 45% used [0x00000006c0000000,0x00000006c4daecb8,0x00000006cab00000)
 Metaspace       used 12523K, capacity 12661K, committed 13056K, reserved 1060864K
  class space    used 1157K, capacity 1213K, committed 1280K, reserved 1048576K
Event: 10.705 GC heap after
Heap after GC invocations=10 (full 0):
 PSYoungGen      total 887808K, used 7729K [0x000000076ab00000, 0x00000007a5a00000, 0x00000007c0000000)
  eden space 811008K, 0% used [0x000000076ab00000,0x000000076ab00000,0x000000079c300000)
  from space 76800K, 10% used [0x00000007a0f00000,0x00000007a168c620,0x00000007a5a00000)
  to   space 77312K, 0% used [0x000000079c300000,0x000000079c300000,0x00000007a0e80000)
 ParOldGen       total 175104K, used 132371K [0x00000006c0000000, 0x00000006cab00000, 0x000000076ab00000)
  object space 175104K, 75% used [0x00000006c0000000,0x00000006c8144d18,0x00000006cab00000)
 Metaspace       used 12523K, capacity 12661K, committed 13056K, reserved 1060864K
  class space    used 1157K, capacity 1213K, committed 1280K, reserved 1048576K
}
Event: 10.706 GC heap before
{Heap before GC invocations=11 (full 1):
 PSYoungGen      total 887808K, used 7729K [0x000000076ab00000, 0x00000007a5a00000, 0x00000007c0000000)
  eden space 811008K, 0% used [0x000000076ab00000,0x000000076ab00000,0x000000079c300000)
  from space 76800K, 10% used [0x00000007a0f00000,0x00000007a168c620,0x00000007a5a00000)
  to   space 77312K, 0% used [0x000000079c300000,0x000000079c300000,0x00000007a0e80000)
 ParOldGen       total 175104K, used 132371K [0x00000006c0000000, 0x00000006cab00000, 0x000000076ab00000)
  object space 175104K, 75% used [0x00000006c0000000,0x00000006c8144d18,0x00000006cab00000)
 Metaspace       used 12523K, capacity 12661K, committed 13056K, reserved 1060864K
  class space    used 1157K, capacity 1213K, committed 1280K, reserved 1048576K
Event: 10.869 GC heap after
Heap after GC invocations=11 (full 1):
 PSYoungGen      total 887808K, used 0K [0x000000076ab00000, 0x00000007a5a00000, 0x00000007c0000000)
  eden space 811008K, 0% used [0x000000076ab00000,0x000000076ab00000,0x000000079c300000)
  from space 76800K, 0% used [0x00000007a0f00000,0x00000007a0f00000,0x00000007a5a00000)
  to   space 77312K, 0% used [0x000000079c300000,0x000000079c300000,0x00000007a0e80000)
 ParOldGen       total 250880K, used 128616K [0x00000006c0000000, 0x00000006cf500000, 0x000000076ab00000)
  object space 250880K, 51% used [0x00000006c0000000,0x00000006c7d9a120,0x00000006cf500000)
 Metaspace       used 12523K, capacity 12661K, committed 13056K, reserved 1060864K
  class space    used 1157K, capacity 1213K, committed 1280K, reserved 1048576K
}

